WriteStartElement(null, "ArrayOfAsyncSerializer.SaveValue", "http://schemas.datacontract.org/2004/07/")
WriteStartAttribute("xmlns", "i", null)
WriteString("http://www.w3.org/2001/XMLSchema-instance")
WriteEndAtrribute()
WriteStartElement(null, "AsyncSerializer.SaveValue", "http://schemas.datacontract.org/2004/07/")
WriteStartElement(null, "Key", "http://schemas.datacontract.org/2004/07/")
WriteString("Container")
WriteEndElement()
WriteStartElement(null, "Value", "http://schemas.datacontract.org/2004/07/")
LookupPrefix("http://schemas.datacontract.org/2004/07/") -> ""
WriteStartAttribute("i", "type", "http://www.w3.org/2001/XMLSchema-instance")
LookupPrefix("http://schemas.datacontract.org/2004/07/") -> ""
WriteString("")
WriteString(":")
WriteString("Container.SaveValues")
WriteEndAtrribute()
WriteStartElement(null, "alpha", "http://schemas.datacontract.org/2004/07/")
WriteString("1")
WriteEndElement()
WriteStartElement(null, "beta", "http://schemas.datacontract.org/2004/07/")
WriteString("1")
WriteEndElement()
WriteStartElement(null, "gamma", "http://schemas.datacontract.org/2004/07/")
WriteString("1")
WriteEndElement()
WriteStartElement(null, "list", "http://schemas.datacontract.org/2004/07/")
LookupPrefix("http://schemas.microsoft.com/2003/10/Serialization/Arrays") -> null
WriteStartAttribute("xmlns", "d4p1", null)
WriteString("http://schemas.microsoft.com/2003/10/Serialization/Arrays")
WriteEndAtrribute()
WriteStartElement(null, "string", "http://schemas.microsoft.com/2003/10/Serialization/Arrays")
WriteString("0")
WriteEndElement()
WriteEndElement()
WriteStartElement(null, "nested", "http://schemas.datacontract.org/2004/07/")
WriteStartElement(null, "NestedData", "http://schemas.datacontract.org/2004/07/")
WriteStartElement(null, "list", "http://schemas.datacontract.org/2004/07/")
LookupPrefix("http://schemas.microsoft.com/2003/10/Serialization/Arrays") -> null
WriteStartAttribute("xmlns", "d6p1", null)
WriteString("http://schemas.microsoft.com/2003/10/Serialization/Arrays")
WriteEndAtrribute()
WriteStartElement(null, "string", "http://schemas.microsoft.com/2003/10/Serialization/Arrays")
WriteString("0")
WriteEndElement()
WriteEndElement()
WriteEndElement()
WriteEndElement()
WriteEndElement()
WriteEndElement()
WriteStartElement(null, "AsyncSerializer.SaveValue", "http://schemas.datacontract.org/2004/07/")
WriteStartElement(null, "Key", "http://schemas.datacontract.org/2004/07/")
WriteString("Container")
WriteEndElement()
WriteStartElement(null, "Value", "http://schemas.datacontract.org/2004/07/")
LookupPrefix("http://schemas.datacontract.org/2004/07/") -> ""
WriteStartAttribute("i", "type", "http://www.w3.org/2001/XMLSchema-instance")
LookupPrefix("http://schemas.datacontract.org/2004/07/") -> ""
WriteString("")
WriteString(":")
WriteString("Container.SaveValues")
WriteEndAtrribute()
WriteStartElement(null, "alpha", "http://schemas.datacontract.org/2004/07/")
WriteString("2")
WriteEndElement()
WriteStartElement(null, "beta", "http://schemas.datacontract.org/2004/07/")
WriteString("2")
WriteEndElement()
WriteStartElement(null, "gamma", "http://schemas.datacontract.org/2004/07/")
WriteString("2")
WriteEndElement()
WriteStartElement(null, "list", "http://schemas.datacontract.org/2004/07/")
LookupPrefix("http://schemas.microsoft.com/2003/10/Serialization/Arrays") -> null
WriteStartAttribute("xmlns", "d4p1", null)
WriteString("http://schemas.microsoft.com/2003/10/Serialization/Arrays")
WriteEndAtrribute()
WriteStartElement(null, "string", "http://schemas.microsoft.com/2003/10/Serialization/Arrays")
WriteString("0")
WriteEndElement()
WriteStartElement(null, "string", "http://schemas.microsoft.com/2003/10/Serialization/Arrays")
WriteString("1")
WriteEndElement()
WriteEndElement()
WriteStartElement(null, "nested", "http://schemas.datacontract.org/2004/07/")
WriteStartElement(null, "NestedData", "http://schemas.datacontract.org/2004/07/")
WriteStartElement(null, "list", "http://schemas.datacontract.org/2004/07/")
LookupPrefix("http://schemas.microsoft.com/2003/10/Serialization/Arrays") -> null
WriteStartAttribute("xmlns", "d6p1", null)
WriteString("http://schemas.microsoft.com/2003/10/Serialization/Arrays")
WriteEndAtrribute()
WriteStartElement(null, "string", "http://schemas.microsoft.com/2003/10/Serialization/Arrays")
WriteString("0")
WriteEndElement()
WriteStartElement(null, "string", "http://schemas.microsoft.com/2003/10/Serialization/Arrays")
WriteString("1")
WriteEndElement()
WriteEndElement()
WriteEndElement()
WriteStartElement(null, "NestedData", "http://schemas.datacontract.org/2004/07/")
WriteStartElement(null, "list", "http://schemas.datacontract.org/2004/07/")
LookupPrefix("http://schemas.microsoft.com/2003/10/Serialization/Arrays") -> null
WriteStartAttribute("xmlns", "d6p1", null)
WriteString("http://schemas.microsoft.com/2003/10/Serialization/Arrays")
WriteEndAtrribute()
WriteStartElement(null, "string", "http://schemas.microsoft.com/2003/10/Serialization/Arrays")
WriteString("0")
WriteEndElement()
WriteStartElement(null, "string", "http://schemas.microsoft.com/2003/10/Serialization/Arrays")
WriteString("1")
WriteEndElement()
WriteEndElement()
WriteEndElement()
WriteEndElement()
WriteEndElement()
WriteEndElement()
WriteStartElement(null, "AsyncSerializer.SaveValue", "http://schemas.datacontract.org/2004/07/")
WriteStartElement(null, "Key", "http://schemas.datacontract.org/2004/07/")
WriteString("Container")
WriteEndElement()
WriteStartElement(null, "Value", "http://schemas.datacontract.org/2004/07/")
LookupPrefix("http://schemas.datacontract.org/2004/07/") -> ""
WriteStartAttribute("i", "type", "http://www.w3.org/2001/XMLSchema-instance")
LookupPrefix("http://schemas.datacontract.org/2004/07/") -> ""
WriteString("")
WriteString(":")
WriteString("Container.SaveValues")
WriteEndAtrribute()
WriteStartElement(null, "alpha", "http://schemas.datacontract.org/2004/07/")
WriteString("3")
WriteEndElement()
WriteStartElement(null, "beta", "http://schemas.datacontract.org/2004/07/")
WriteString("3")
WriteEndElement()
WriteStartElement(null, "gamma", "http://schemas.datacontract.org/2004/07/")
WriteString("3")
WriteEndElement()
WriteStartElement(null, "list", "http://schemas.datacontract.org/2004/07/")
LookupPrefix("http://schemas.microsoft.com/2003/10/Serialization/Arrays") -> null
WriteStartAttribute("xmlns", "d4p1", null)
WriteString("http://schemas.microsoft.com/2003/10/Serialization/Arrays")
WriteEndAtrribute()
WriteStartElement(null, "string", "http://schemas.microsoft.com/2003/10/Serialization/Arrays")
WriteString("0")
WriteEndElement()
WriteStartElement(null, "string", "http://schemas.microsoft.com/2003/10/Serialization/Arrays")
WriteString("1")
WriteEndElement()
WriteStartElement(null, "string", "http://schemas.microsoft.com/2003/10/Serialization/Arrays")
WriteString("2")
WriteEndElement()
WriteEndElement()
WriteStartElement(null, "nested", "http://schemas.datacontract.org/2004/07/")
WriteStartElement(null, "NestedData", "http://schemas.datacontract.org/2004/07/")
WriteStartElement(null, "list", "http://schemas.datacontract.org/2004/07/")
LookupPrefix("http://schemas.microsoft.com/2003/10/Serialization/Arrays") -> null
WriteStartAttribute("xmlns", "d6p1", null)
WriteString("http://schemas.microsoft.com/2003/10/Serialization/Arrays")
WriteEndAtrribute()
WriteStartElement(null, "string", "http://schemas.microsoft.com/2003/10/Serialization/Arrays")
WriteString("0")
WriteEndElement()
WriteStartElement(null, "string", "http://schemas.microsoft.com/2003/10/Serialization/Arrays")
WriteString("1")
WriteEndElement()
WriteStartElement(null, "string", "http://schemas.microsoft.com/2003/10/Serialization/Arrays")
WriteString("2")
WriteEndElement()
WriteEndElement()
WriteEndElement()
WriteStartElement(null, "NestedData", "http://schemas.datacontract.org/2004/07/")
WriteStartElement(null, "list", "http://schemas.datacontract.org/2004/07/")
LookupPrefix("http://schemas.microsoft.com/2003/10/Serialization/Arrays") -> null
WriteStartAttribute("xmlns", "d6p1", null)
WriteString("http://schemas.microsoft.com/2003/10/Serialization/Arrays")
WriteEndAtrribute()
WriteStartElement(null, "string", "http://schemas.microsoft.com/2003/10/Serialization/Arrays")
WriteString("0")
WriteEndElement()
WriteStartElement(null, "string", "http://schemas.microsoft.com/2003/10/Serialization/Arrays")
WriteString("1")
WriteEndElement()
WriteStartElement(null, "string", "http://schemas.microsoft.com/2003/10/Serialization/Arrays")
WriteString("2")
WriteEndElement()
WriteEndElement()
WriteEndElement()
WriteStartElement(null, "NestedData", "http://schemas.datacontract.org/2004/07/")
WriteStartElement(null, "list", "http://schemas.datacontract.org/2004/07/")
LookupPrefix("http://schemas.microsoft.com/2003/10/Serialization/Arrays") -> null
WriteStartAttribute("xmlns", "d6p1", null)
WriteString("http://schemas.microsoft.com/2003/10/Serialization/Arrays")
WriteEndAtrribute()
WriteStartElement(null, "string", "http://schemas.microsoft.com/2003/10/Serialization/Arrays")
WriteString("0")
WriteEndElement()
WriteStartElement(null, "string", "http://schemas.microsoft.com/2003/10/Serialization/Arrays")
WriteString("1")
WriteEndElement()
WriteStartElement(null, "string", "http://schemas.microsoft.com/2003/10/Serialization/Arrays")
WriteString("2")
WriteEndElement()
WriteEndElement()
WriteEndElement()
WriteEndElement()
WriteEndElement()
WriteEndElement()
WriteStartElement(null, "AsyncSerializer.SaveValue", "http://schemas.datacontract.org/2004/07/")
WriteStartElement(null, "Key", "http://schemas.datacontract.org/2004/07/")
WriteString("Container")
WriteEndElement()
WriteStartElement(null, "Value", "http://schemas.datacontract.org/2004/07/")
LookupPrefix("http://schemas.datacontract.org/2004/07/") -> ""
WriteStartAttribute("i", "type", "http://www.w3.org/2001/XMLSchema-instance")
LookupPrefix("http://schemas.datacontract.org/2004/07/") -> ""
WriteString("")
WriteString(":")
WriteString("Container.SaveValues")
WriteEndAtrribute()
WriteStartElement(null, "alpha", "http://schemas.datacontract.org/2004/07/")
WriteString("4")
WriteEndElement()
WriteStartElement(null, "beta", "http://schemas.datacontract.org/2004/07/")
WriteString("4")
WriteEndElement()
WriteStartElement(null, "gamma", "http://schemas.datacontract.org/2004/07/")
WriteString("4")
WriteEndElement()
WriteStartElement(null, "list", "http://schemas.datacontract.org/2004/07/")
LookupPrefix("http://schemas.microsoft.com/2003/10/Serialization/Arrays") -> null
WriteStartAttribute("xmlns", "d4p1", null)
WriteString("http://schemas.microsoft.com/2003/10/Serialization/Arrays")
WriteEndAtrribute()
WriteStartElement(null, "string", "http://schemas.microsoft.com/2003/10/Serialization/Arrays")
WriteString("0")
WriteEndElement()
WriteStartElement(null, "string", "http://schemas.microsoft.com/2003/10/Serialization/Arrays")
WriteString("1")
WriteEndElement()
WriteStartElement(null, "string", "http://schemas.microsoft.com/2003/10/Serialization/Arrays")
WriteString("2")
WriteEndElement()
WriteStartElement(null, "string", "http://schemas.microsoft.com/2003/10/Serialization/Arrays")
WriteString("3")
WriteEndElement()
WriteEndElement()
WriteStartElement(null, "nested", "http://schemas.datacontract.org/2004/07/")
WriteStartElement(null, "NestedData", "http://schemas.datacontract.org/2004/07/")
WriteStartElement(null, "list", "http://schemas.datacontract.org/2004/07/")
LookupPrefix("http://schemas.microsoft.com/2003/10/Serialization/Arrays") -> null
WriteStartAttribute("xmlns", "d6p1", null)
WriteString("http://schemas.microsoft.com/2003/10/Serialization/Arrays")
WriteEndAtrribute()
WriteStartElement(null, "string", "http://schemas.microsoft.com/2003/10/Serialization/Arrays")
WriteString("0")
WriteEndElement()
WriteStartElement(null, "string", "http://schemas.microsoft.com/2003/10/Serialization/Arrays")
WriteString("1")
WriteEndElement()
WriteStartElement(null, "string", "http://schemas.microsoft.com/2003/10/Serialization/Arrays")
WriteString("2")
WriteEndElement()
WriteStartElement(null, "string", "http://schemas.microsoft.com/2003/10/Serialization/Arrays")
WriteString("3")
WriteEndElement()
WriteEndElement()
WriteEndElement()
WriteStartElement(null, "NestedData", "http://schemas.datacontract.org/2004/07/")
WriteStartElement(null, "list", "http://schemas.datacontract.org/2004/07/")
LookupPrefix("http://schemas.microsoft.com/2003/10/Serialization/Arrays") -> null
WriteStartAttribute("xmlns", "d6p1", null)
WriteString("http://schemas.microsoft.com/2003/10/Serialization/Arrays")
WriteEndAtrribute()
WriteStartElement(null, "string", "http://schemas.microsoft.com/2003/10/Serialization/Arrays")
WriteString("0")
WriteEndElement()
WriteStartElement(null, "string", "http://schemas.microsoft.com/2003/10/Serialization/Arrays")
WriteString("1")
WriteEndElement()
WriteStartElement(null, "string", "http://schemas.microsoft.com/2003/10/Serialization/Arrays")
WriteString("2")
WriteEndElement()
WriteStartElement(null, "string", "http://schemas.microsoft.com/2003/10/Serialization/Arrays")
WriteString("3")
WriteEndElement()
WriteEndElement()
WriteEndElement()
WriteStartElement(null, "NestedData", "http://schemas.datacontract.org/2004/07/")
WriteStartElement(null, "list", "http://schemas.datacontract.org/2004/07/")
LookupPrefix("http://schemas.microsoft.com/2003/10/Serialization/Arrays") -> null
WriteStartAttribute("xmlns", "d6p1", null)
WriteString("http://schemas.microsoft.com/2003/10/Serialization/Arrays")
WriteEndAtrribute()
WriteStartElement(null, "string", "http://schemas.microsoft.com/2003/10/Serialization/Arrays")
WriteString("0")
WriteEndElement()
WriteStartElement(null, "string", "http://schemas.microsoft.com/2003/10/Serialization/Arrays")
WriteString("1")
WriteEndElement()
WriteStartElement(null, "string", "http://schemas.microsoft.com/2003/10/Serialization/Arrays")
WriteString("2")
WriteEndElement()
WriteStartElement(null, "string", "http://schemas.microsoft.com/2003/10/Serialization/Arrays")
WriteString("3")
WriteEndElement()
WriteEndElement()
WriteEndElement()
WriteStartElement(null, "NestedData", "http://schemas.datacontract.org/2004/07/")
WriteStartElement(null, "list", "http://schemas.datacontract.org/2004/07/")
LookupPrefix("http://schemas.microsoft.com/2003/10/Serialization/Arrays") -> null
WriteStartAttribute("xmlns", "d6p1", null)
WriteString("http://schemas.microsoft.com/2003/10/Serialization/Arrays")
WriteEndAtrribute()
WriteStartElement(null, "string", "http://schemas.microsoft.com/2003/10/Serialization/Arrays")
WriteString("0")
WriteEndElement()
WriteStartElement(null, "string", "http://schemas.microsoft.com/2003/10/Serialization/Arrays")
WriteString("1")
WriteEndElement()
WriteStartElement(null, "string", "http://schemas.microsoft.com/2003/10/Serialization/Arrays")
WriteString("2")
WriteEndElement()
WriteStartElement(null, "string", "http://schemas.microsoft.com/2003/10/Serialization/Arrays")
WriteString("3")
WriteEndElement()
WriteEndElement()
WriteEndElement()
WriteEndElement()
WriteEndElement()
WriteEndElement()
WriteEndElement()
